2025-01-19 12:17:44,352 - INFO - Flask application initialized.
2025-01-19 12:17:44,865 - INFO - Connected (version 2.0, client OpenSSH_8.9p1)
2025-01-19 12:17:46,095 - INFO - Auth banner: b'<<<<<<:>~ PythonAnywhere SSH. Help @ https://help.pythonanywhere.com/pages/SSHAccess\n'
2025-01-19 12:17:46,105 - INFO - Authentication (password) successful!
2025-01-19 12:17:49,587 - INFO - Database connection initialized.
2025-01-19 12:17:49,660 - INFO - [31m[1mWARNING: This is a development server. Do not use it in a production deployment. Use a production WSGI server instead.[0m
 * Running on http://127.0.0.1:5000
2025-01-19 12:17:49,660 - INFO - [33mPress CTRL+C to quit[0m
2025-01-19 12:17:49,667 - INFO -  * Restarting with stat
2025-01-19 12:17:50,324 - INFO - Flask application initialized.
2025-01-19 12:17:50,803 - INFO - Connected (version 2.0, client OpenSSH_8.9p1)
2025-01-19 12:17:51,953 - INFO - Auth banner: b'<<<<<<:>~ PythonAnywhere SSH. Help @ https://help.pythonanywhere.com/pages/SSHAccess\n'
2025-01-19 12:17:51,953 - INFO - Authentication (password) successful!
2025-01-19 12:17:55,624 - INFO - Database connection initialized.
2025-01-19 12:17:55,655 - WARNING -  * Debugger is active!
2025-01-19 12:17:55,675 - INFO -  * Debugger PIN: 540-660-383
2025-01-19 12:19:28,536 - INFO - Flask application initialized.
2025-01-19 12:19:29,022 - INFO - Connected (version 2.0, client OpenSSH_8.9p1)
2025-01-19 12:19:30,156 - INFO - Auth banner: b'<<<<<<:>~ PythonAnywhere SSH. Help @ https://help.pythonanywhere.com/pages/SSHAccess\n'
2025-01-19 12:19:30,156 - INFO - Authentication (password) successful!
2025-01-19 12:19:33,721 - INFO - Database connection initialized.
2025-01-19 12:19:33,764 - INFO - [31m[1mWARNING: This is a development server. Do not use it in a production deployment. Use a production WSGI server instead.[0m
 * Running on http://127.0.0.1:5000
2025-01-19 12:19:33,764 - INFO - [33mPress CTRL+C to quit[0m
2025-01-19 12:19:33,770 - INFO -  * Restarting with stat
2025-01-19 12:19:34,431 - INFO - Flask application initialized.
2025-01-19 12:19:34,851 - INFO - Connected (version 2.0, client OpenSSH_8.9p1)
2025-01-19 12:19:36,073 - INFO - Auth banner: b'<<<<<<:>~ PythonAnywhere SSH. Help @ https://help.pythonanywhere.com/pages/SSHAccess\n'
2025-01-19 12:19:36,082 - INFO - Authentication (password) successful!
2025-01-19 12:19:40,269 - INFO - Database connection initialized.
2025-01-19 12:19:40,313 - WARNING -  * Debugger is active!
2025-01-19 12:19:40,313 - INFO -  * Debugger PIN: 540-660-383
2025-01-19 12:25:28,009 - INFO -  * Detected change in 'd:\\YoutubeCreator-Website-config\\app.py', reloading
2025-01-19 12:25:28,094 - INFO -  * Restarting with stat
2025-01-19 12:25:28,977 - INFO - Flask application initialized.
2025-01-19 12:26:39,664 - ERROR - Database initialization failed: Failed to connect to MySQL after 5 attempts.
2025-01-19 12:27:43,709 - INFO - Connected (version 2.0, client OpenSSH_8.9p1)
2025-01-19 12:27:45,245 - INFO - Auth banner: b'<<<<<<:>~ PythonAnywhere SSH. Help @ https://help.pythonanywhere.com/pages/SSHAccess\n'
2025-01-19 12:27:45,245 - INFO - Authentication (password) successful!
2025-01-19 12:27:50,168 - INFO - Database connection initialized.
2025-01-19 12:28:33,576 - INFO - Connected (version 2.0, client OpenSSH_8.9p1)
2025-01-19 12:28:35,114 - INFO - Auth banner: b'<<<<<<:>~ PythonAnywhere SSH. Help @ https://help.pythonanywhere.com/pages/SSHAccess\n'
2025-01-19 12:28:35,114 - INFO - Authentication (password) successful!
2025-01-19 12:28:40,030 - INFO - Database connection initialized.
2025-01-19 12:28:40,072 - INFO - [31m[1mWARNING: This is a development server. Do not use it in a production deployment. Use a production WSGI server instead.[0m
 * Running on http://127.0.0.1:5000
2025-01-19 12:28:40,072 - INFO - [33mPress CTRL+C to quit[0m
2025-01-19 12:28:40,072 - INFO -  * Restarting with stat
2025-01-19 12:28:41,153 - INFO - Connected (version 2.0, client OpenSSH_8.9p1)
2025-01-19 12:28:42,485 - INFO - Auth banner: b'<<<<<<:>~ PythonAnywhere SSH. Help @ https://help.pythonanywhere.com/pages/SSHAccess\n'
2025-01-19 12:28:42,485 - INFO - Authentication (password) successful!
2025-01-19 12:28:47,915 - INFO - Database connection initialized.
2025-01-19 12:28:47,944 - WARNING -  * Debugger is active!
2025-01-19 12:28:47,946 - INFO -  * Debugger PIN: 540-660-383
2025-01-19 12:31:32,269 - INFO -  * Detected change in 'd:\\YoutubeCreator-Website-config\\app.py', reloading
2025-01-19 12:31:32,351 - INFO -  * Restarting with stat
2025-01-19 12:31:33,597 - INFO - Connected (version 2.0, client OpenSSH_8.9p1)
2025-01-19 12:31:34,762 - INFO - Auth banner: b'<<<<<<:>~ PythonAnywhere SSH. Help @ https://help.pythonanywhere.com/pages/SSHAccess\n'
2025-01-19 12:31:34,765 - INFO - Authentication (password) successful!
2025-01-19 12:31:39,117 - INFO - Database connection initialized.
2025-01-19 12:31:39,154 - WARNING -  * Debugger is active!
2025-01-19 12:31:39,162 - INFO -  * Debugger PIN: 540-660-383
2025-01-19 12:34:30,990 - ERROR - Error initializing YouTube creators: Index out of range. Use 1 to 8
2025-01-19 12:34:31,071 - INFO - Database connection closed.
2025-01-19 12:34:31,094 - INFO - 127.0.0.1 - - [19/Jan/2025 12:34:31] "[35m[1mGET / HTTP/1.1[0m" 500 -
2025-01-19 12:34:31,328 - INFO - 127.0.0.1 - - [19/Jan/2025 12:34:31] "GET /?__debugger__=yes&cmd=resource&f=style.css HTTP/1.1" 200 -
2025-01-19 12:34:31,328 - INFO - 127.0.0.1 - - [19/Jan/2025 12:34:31] "GET /?__debugger__=yes&cmd=resource&f=debugger.js HTTP/1.1" 200 -
2025-01-19 12:34:31,367 - INFO - 127.0.0.1 - - [19/Jan/2025 12:34:31] "GET /?__debugger__=yes&cmd=resource&f=console.png&s=6oPxz0SFLK2C2SW01F6f HTTP/1.1" 200 -
2025-01-19 12:34:31,381 - INFO - 127.0.0.1 - - [19/Jan/2025 12:34:31] "GET /?__debugger__=yes&cmd=resource&f=console.png HTTP/1.1" 200 -
2025-01-19 12:34:59,743 - INFO -  * Detected change in 'd:\\YoutubeCreator-Website-config\\app.py', reloading
2025-01-19 12:34:59,808 - INFO -  * Restarting with stat
2025-01-19 12:35:01,053 - INFO - Connected (version 2.0, client OpenSSH_8.9p1)
2025-01-19 12:35:02,109 - INFO - Auth banner: b'<<<<<<:>~ PythonAnywhere SSH. Help @ https://help.pythonanywhere.com/pages/SSHAccess\n'
2025-01-19 12:35:02,109 - INFO - Authentication (password) successful!
2025-01-19 12:35:07,704 - INFO - Database connection initialized.
2025-01-19 12:35:07,748 - WARNING -  * Debugger is active!
2025-01-19 12:35:07,751 - INFO -  * Debugger PIN: 540-660-383
2025-01-19 12:35:13,994 - INFO - file_cache is only supported with oauth2client<4.0.0
2025-01-19 12:35:14,003 - INFO - file_cache is only supported with oauth2client<4.0.0
2025-01-19 12:35:14,016 - INFO - file_cache is only supported with oauth2client<4.0.0
2025-01-19 12:35:14,028 - INFO - file_cache is only supported with oauth2client<4.0.0
2025-01-19 12:35:14,033 - INFO - YouTube creators initialized successfully.
2025-01-19 12:35:14,605 - INFO - Database connection closed.
2025-01-19 12:35:14,606 - INFO - 127.0.0.1 - - [19/Jan/2025 12:35:14] "GET / HTTP/1.1" 200 -
2025-01-19 12:35:15,404 - INFO - file_cache is only supported with oauth2client<4.0.0
2025-01-19 12:35:15,415 - INFO - file_cache is only supported with oauth2client<4.0.0
2025-01-19 12:35:15,426 - INFO - file_cache is only supported with oauth2client<4.0.0
2025-01-19 12:35:15,433 - INFO - file_cache is only supported with oauth2client<4.0.0
2025-01-19 12:35:15,442 - INFO - YouTube creators initialized successfully.
2025-01-19 12:35:15,442 - INFO - Database connection closed.
2025-01-19 12:35:15,442 - INFO - 127.0.0.1 - - [19/Jan/2025 12:35:15] "[33mGET /favicon.ico HTTP/1.1[0m" 404 -
2025-01-19 12:35:52,555 - INFO - Connected (version 2.0, client OpenSSH_8.9p1)
2025-01-19 12:35:53,895 - INFO - Auth banner: b'<<<<<<:>~ PythonAnywhere SSH. Help @ https://help.pythonanywhere.com/pages/SSHAccess\n'
2025-01-19 12:35:53,895 - INFO - Authentication (password) successful!
2025-01-19 12:35:57,475 - INFO - Database connection initialized.
2025-01-19 12:35:57,515 - INFO - [31m[1mWARNING: This is a development server. Do not use it in a production deployment. Use a production WSGI server instead.[0m
 * Running on http://127.0.0.1:5000
2025-01-19 12:35:57,515 - INFO - [33mPress CTRL+C to quit[0m
2025-01-19 12:35:57,515 - INFO -  * Restarting with stat
2025-01-19 12:35:58,595 - INFO - Connected (version 2.0, client OpenSSH_8.9p1)
2025-01-19 12:35:59,935 - INFO - Auth banner: b'<<<<<<:>~ PythonAnywhere SSH. Help @ https://help.pythonanywhere.com/pages/SSHAccess\n'
2025-01-19 12:35:59,935 - INFO - Authentication (password) successful!
2025-01-19 12:36:03,314 - INFO - Database connection initialized.
2025-01-19 12:36:03,340 - WARNING -  * Debugger is active!
2025-01-19 12:36:03,353 - INFO -  * Debugger PIN: 540-660-383
2025-01-19 12:36:49,024 - INFO -  * Detected change in 'd:\\YoutubeCreator-Website-config\\app.py', reloading
2025-01-19 12:36:49,096 - INFO -  * Restarting with stat
2025-01-19 12:36:50,320 - INFO - Connected (version 2.0, client OpenSSH_8.9p1)
2025-01-19 12:36:51,501 - INFO - Auth banner: b'<<<<<<:>~ PythonAnywhere SSH. Help @ https://help.pythonanywhere.com/pages/SSHAccess\n'
2025-01-19 12:36:51,509 - INFO - Authentication (password) successful!
2025-01-19 12:36:55,337 - INFO - Database connection initialized.
2025-01-19 12:37:00,733 - INFO - Connected (version 2.0, client OpenSSH_8.9p1)
2025-01-19 12:37:01,924 - INFO - Auth banner: b'<<<<<<:>~ PythonAnywhere SSH. Help @ https://help.pythonanywhere.com/pages/SSHAccess\n'
2025-01-19 12:37:01,924 - INFO - Authentication (password) successful!
2025-01-19 12:37:05,781 - INFO - Database connection initialized.
2025-01-19 12:37:05,828 - INFO - [31m[1mWARNING: This is a development server. Do not use it in a production deployment. Use a production WSGI server instead.[0m
 * Running on http://127.0.0.1:5000
2025-01-19 12:37:05,828 - INFO - [33mPress CTRL+C to quit[0m
2025-01-19 12:37:05,828 - INFO -  * Restarting with stat
2025-01-19 12:37:06,907 - INFO - Connected (version 2.0, client OpenSSH_8.9p1)
2025-01-19 12:37:08,235 - INFO - Auth banner: b'<<<<<<:>~ PythonAnywhere SSH. Help @ https://help.pythonanywhere.com/pages/SSHAccess\n'
2025-01-19 12:37:08,235 - INFO - Authentication (password) successful!
2025-01-19 12:37:13,358 - INFO - Database connection initialized.
2025-01-19 12:37:13,396 - WARNING -  * Debugger is active!
2025-01-19 12:37:13,396 - INFO -  * Debugger PIN: 540-660-383
2025-01-19 12:37:13,421 - INFO - file_cache is only supported with oauth2client<4.0.0
2025-01-19 12:37:13,434 - INFO - file_cache is only supported with oauth2client<4.0.0
2025-01-19 12:37:13,444 - INFO - file_cache is only supported with oauth2client<4.0.0
2025-01-19 12:37:13,459 - INFO - file_cache is only supported with oauth2client<4.0.0
2025-01-19 12:37:13,459 - INFO - YouTube creators initialized successfully.
2025-01-19 12:37:14,017 - INFO - Database connection closed.
2025-01-19 12:37:14,018 - INFO - 127.0.0.1 - - [19/Jan/2025 12:37:14] "GET / HTTP/1.1" 200 -
2025-01-19 12:37:49,646 - INFO - file_cache is only supported with oauth2client<4.0.0
2025-01-19 12:37:49,669 - INFO - file_cache is only supported with oauth2client<4.0.0
2025-01-19 12:37:49,679 - INFO - file_cache is only supported with oauth2client<4.0.0
2025-01-19 12:37:49,696 - INFO - file_cache is only supported with oauth2client<4.0.0
2025-01-19 12:37:49,696 - INFO - YouTube creators initialized successfully.
2025-01-19 12:37:49,696 - INFO - Database connection closed.
2025-01-19 12:37:49,696 - INFO - 127.0.0.1 - - [19/Jan/2025 12:37:49] "[33mGET /loveme HTTP/1.1[0m" 404 -
2025-01-21 14:44:20,915 - INFO - Connected (version 2.0, client OpenSSH_8.9p1)
2025-01-21 14:44:22,211 - INFO - Auth banner: b'<<<<<<:>~ PythonAnywhere SSH. Help @ https://help.pythonanywhere.com/pages/SSHAccess\n'
2025-01-21 14:44:22,211 - INFO - Authentication (password) successful!
2025-01-21 14:44:26,045 - INFO - Database connection initialized.
2025-01-21 14:44:26,118 - INFO - [31m[1mWARNING: This is a development server. Do not use it in a production deployment. Use a production WSGI server instead.[0m
 * Running on http://127.0.0.1:5000
2025-01-21 14:44:26,118 - INFO - [33mPress CTRL+C to quit[0m
2025-01-21 14:44:26,118 - INFO -  * Restarting with stat
2025-01-21 14:44:27,380 - INFO - Connected (version 2.0, client OpenSSH_8.9p1)
2025-01-21 14:44:28,699 - INFO - Auth banner: b'<<<<<<:>~ PythonAnywhere SSH. Help @ https://help.pythonanywhere.com/pages/SSHAccess\n'
2025-01-21 14:44:28,699 - INFO - Authentication (password) successful!
2025-01-21 14:44:32,182 - INFO - Database connection initialized.
2025-01-21 14:44:32,221 - WARNING -  * Debugger is active!
2025-01-21 14:44:32,234 - INFO -  * Debugger PIN: 540-660-383
2025-01-21 14:46:21,984 - INFO -  * Detected change in 'd:\\YoutubeCreator-Website-config\\app_local.py', reloading
2025-01-21 14:46:22,078 - INFO -  * Restarting with stat
2025-01-21 14:46:23,290 - INFO - Connected (version 2.0, client OpenSSH_8.9p1)
2025-01-21 14:46:24,522 - INFO - Auth banner: b'<<<<<<:>~ PythonAnywhere SSH. Help @ https://help.pythonanywhere.com/pages/SSHAccess\n'
2025-01-21 14:46:24,523 - INFO - Authentication (password) successful!
2025-01-21 14:46:27,793 - INFO - Database connection initialized.
2025-01-21 14:46:27,824 - WARNING -  * Debugger is active!
2025-01-21 14:46:27,824 - INFO -  * Debugger PIN: 540-660-383
2025-01-21 14:46:34,964 - INFO -  * Detected change in 'd:\\YoutubeCreator-Website-config\\app_local.py', reloading
2025-01-21 14:46:35,056 - INFO -  * Restarting with stat
2025-01-21 14:46:44,998 - INFO - Connected (version 2.0, client OpenSSH_8.9p1)
2025-01-21 14:46:46,525 - INFO - Auth banner: b'<<<<<<:>~ PythonAnywhere SSH. Help @ https://help.pythonanywhere.com/pages/SSHAccess\n'
2025-01-21 14:46:46,536 - INFO - Authentication (password) successful!
2025-01-21 14:46:50,428 - INFO - Database connection initialized.
2025-01-21 14:46:50,468 - INFO - [31m[1mWARNING: This is a development server. Do not use it in a production deployment. Use a production WSGI server instead.[0m
 * Running on http://127.0.0.1:5000
2025-01-21 14:46:50,468 - INFO - [33mPress CTRL+C to quit[0m
2025-01-21 14:46:50,472 - INFO -  * Restarting with stat
2025-01-21 14:46:51,652 - INFO - Connected (version 2.0, client OpenSSH_8.9p1)
2025-01-21 14:46:53,089 - INFO - Auth banner: b'<<<<<<:>~ PythonAnywhere SSH. Help @ https://help.pythonanywhere.com/pages/SSHAccess\n'
2025-01-21 14:46:53,089 - INFO - Authentication (password) successful!
2025-01-21 14:46:56,668 - INFO - Database connection initialized.
2025-01-21 14:46:56,701 - WARNING -  * Debugger is active!
2025-01-21 14:46:56,706 - INFO -  * Debugger PIN: 540-660-383
2025-01-21 14:47:39,491 - INFO -  * Detected change in 'd:\\YoutubeCreator-Website-config\\app_local.py', reloading
2025-01-21 14:47:39,633 - INFO -  * Restarting with stat
2025-01-21 14:47:40,975 - INFO - Connected (version 2.0, client OpenSSH_8.9p1)
2025-01-21 14:47:43,158 - INFO - Connected (version 2.0, client OpenSSH_8.9p1)
2025-01-21 14:47:44,408 - INFO - Auth banner: b'<<<<<<:>~ PythonAnywhere SSH. Help @ https://help.pythonanywhere.com/pages/SSHAccess\n'
2025-01-21 14:47:44,408 - INFO - Authentication (password) successful!
2025-01-21 14:47:48,172 - INFO - Database connection initialized.
2025-01-21 14:47:48,202 - INFO - [31m[1mWARNING: This is a development server. Do not use it in a production deployment. Use a production WSGI server instead.[0m
 * Running on http://127.0.0.1:5000
2025-01-21 14:47:48,202 - INFO - [33mPress CTRL+C to quit[0m
2025-01-21 14:48:19,613 - INFO - file_cache is only supported with oauth2client<4.0.0
2025-01-21 14:48:19,641 - INFO - file_cache is only supported with oauth2client<4.0.0
2025-01-21 14:48:19,652 - INFO - file_cache is only supported with oauth2client<4.0.0
2025-01-21 14:48:19,687 - INFO - file_cache is only supported with oauth2client<4.0.0
2025-01-21 14:48:19,703 - INFO - YouTube creators initialized successfully.
2025-01-21 14:48:20,293 - INFO - Database connection closed.
2025-01-21 14:48:20,293 - INFO - 127.0.0.1 - - [21/Jan/2025 14:48:20] "GET / HTTP/1.1" 200 -
2025-01-21 14:48:20,985 - INFO - file_cache is only supported with oauth2client<4.0.0
2025-01-21 14:48:21,009 - INFO - file_cache is only supported with oauth2client<4.0.0
2025-01-21 14:48:21,035 - INFO - file_cache is only supported with oauth2client<4.0.0
2025-01-21 14:48:21,068 - INFO - file_cache is only supported with oauth2client<4.0.0
2025-01-21 14:48:21,085 - INFO - YouTube creators initialized successfully.
2025-01-21 14:48:21,085 - INFO - Database connection closed.
2025-01-21 14:48:21,090 - INFO - 127.0.0.1 - - [21/Jan/2025 14:48:21] "[33mGET /favicon.ico HTTP/1.1[0m" 404 -
2025-01-21 14:48:22,192 - INFO - file_cache is only supported with oauth2client<4.0.0
2025-01-21 14:48:22,210 - INFO - file_cache is only supported with oauth2client<4.0.0
2025-01-21 14:48:22,237 - INFO - file_cache is only supported with oauth2client<4.0.0
2025-01-21 14:48:22,259 - INFO - file_cache is only supported with oauth2client<4.0.0
2025-01-21 14:48:22,277 - INFO - YouTube creators initialized successfully.
2025-01-21 14:48:22,285 - INFO - Database connection closed.
2025-01-21 14:48:22,285 - INFO - 127.0.0.1 - - [21/Jan/2025 14:48:22] "[33mGET /friendshiping HTTP/1.1[0m" 404 -
2025-01-21 14:50:22,342 - INFO - file_cache is only supported with oauth2client<4.0.0
2025-01-21 14:50:22,354 - INFO - file_cache is only supported with oauth2client<4.0.0
2025-01-21 14:50:22,359 - INFO - file_cache is only supported with oauth2client<4.0.0
2025-01-21 14:50:22,367 - INFO - file_cache is only supported with oauth2client<4.0.0
2025-01-21 14:50:22,375 - INFO - YouTube creators initialized successfully.
2025-01-21 14:50:22,375 - INFO - Database connection closed.
2025-01-21 14:50:22,375 - INFO - 127.0.0.1 - - [21/Jan/2025 14:50:22] "[33mGET /friendshiping HTTP/1.1[0m" 404 -
2025-01-21 14:50:25,154 - INFO - file_cache is only supported with oauth2client<4.0.0
2025-01-21 14:50:25,180 - INFO - file_cache is only supported with oauth2client<4.0.0
2025-01-21 14:50:25,198 - INFO - file_cache is only supported with oauth2client<4.0.0
2025-01-21 14:50:25,219 - INFO - file_cache is only supported with oauth2client<4.0.0
2025-01-21 14:50:25,236 - INFO - YouTube creators initialized successfully.
2025-01-21 14:50:25,236 - INFO - Database connection closed.
2025-01-21 14:50:25,236 - INFO - 127.0.0.1 - - [21/Jan/2025 14:50:25] "[33mGET /friendshiping HTTP/1.1[0m" 404 -
2025-01-21 14:50:27,763 - INFO - file_cache is only supported with oauth2client<4.0.0
2025-01-21 14:50:27,790 - INFO - file_cache is only supported with oauth2client<4.0.0
2025-01-21 14:50:27,821 - INFO - file_cache is only supported with oauth2client<4.0.0
2025-01-21 14:50:27,837 - INFO - file_cache is only supported with oauth2client<4.0.0
2025-01-21 14:50:27,853 - INFO - YouTube creators initialized successfully.
2025-01-21 14:50:30,381 - INFO - Connected (version 2.0, client OpenSSH_8.9p1)
2025-01-21 14:50:31,715 - INFO - Auth banner: b'<<<<<<:>~ PythonAnywhere SSH. Help @ https://help.pythonanywhere.com/pages/SSHAccess\n'
2025-01-21 14:50:31,715 - INFO - Authentication (password) successful!
2025-01-21 14:50:35,805 - INFO - Database connection closed.
2025-01-21 14:50:35,805 - INFO - 127.0.0.1 - - [21/Jan/2025 14:50:35] "GET / HTTP/1.1" 200 -
2025-01-21 14:50:40,071 - INFO - file_cache is only supported with oauth2client<4.0.0
2025-01-21 14:50:40,092 - INFO - file_cache is only supported with oauth2client<4.0.0
2025-01-21 14:50:40,120 - INFO - file_cache is only supported with oauth2client<4.0.0
2025-01-21 14:50:40,137 - INFO - file_cache is only supported with oauth2client<4.0.0
2025-01-21 14:50:40,157 - INFO - YouTube creators initialized successfully.
2025-01-21 14:50:40,157 - INFO - Database connection closed.
2025-01-21 14:50:40,157 - INFO - 127.0.0.1 - - [21/Jan/2025 14:50:40] "[33mGET /friendshiping HTTP/1.1[0m" 404 -
2025-01-21 14:51:29,982 - INFO - Connected (version 2.0, client OpenSSH_8.9p1)
2025-01-21 14:51:31,407 - INFO - Auth banner: b'<<<<<<:>~ PythonAnywhere SSH. Help @ https://help.pythonanywhere.com/pages/SSHAccess\n'
2025-01-21 14:51:31,415 - INFO - Authentication (password) successful!
2025-01-21 14:51:35,088 - INFO - Database connection initialized.
2025-01-21 14:51:35,124 - INFO - [31m[1mWARNING: This is a development server. Do not use it in a production deployment. Use a production WSGI server instead.[0m
 * Running on http://127.0.0.1:5000
2025-01-21 14:51:35,124 - INFO - [33mPress CTRL+C to quit[0m
2025-01-21 14:51:47,690 - INFO - file_cache is only supported with oauth2client<4.0.0
2025-01-21 14:51:47,713 - INFO - file_cache is only supported with oauth2client<4.0.0
2025-01-21 14:51:47,738 - INFO - file_cache is only supported with oauth2client<4.0.0
2025-01-21 14:51:47,763 - INFO - file_cache is only supported with oauth2client<4.0.0
2025-01-21 14:51:47,778 - INFO - YouTube creators initialized successfully.
2025-01-21 14:51:48,502 - INFO - Database connection closed.
2025-01-21 14:51:48,502 - INFO - 127.0.0.1 - - [21/Jan/2025 14:51:48] "GET / HTTP/1.1" 200 -
2025-01-21 14:51:59,895 - INFO - file_cache is only supported with oauth2client<4.0.0
2025-01-21 14:51:59,904 - INFO - file_cache is only supported with oauth2client<4.0.0
2025-01-21 14:51:59,915 - INFO - file_cache is only supported with oauth2client<4.0.0
2025-01-21 14:51:59,920 - INFO - file_cache is only supported with oauth2client<4.0.0
2025-01-21 14:51:59,933 - INFO - YouTube creators initialized successfully.
2025-01-21 14:52:03,354 - INFO - Connected (version 2.0, client OpenSSH_8.9p1)
2025-01-21 14:52:04,581 - INFO - Auth banner: b'<<<<<<:>~ PythonAnywhere SSH. Help @ https://help.pythonanywhere.com/pages/SSHAccess\n'
2025-01-21 14:52:04,581 - INFO - Authentication (password) successful!
2025-01-21 14:52:15,496 - INFO - Database connection closed.
2025-01-21 14:52:15,497 - INFO - 127.0.0.1 - - [21/Jan/2025 14:52:15] "GET /¿ìÁ¤À× HTTP/1.1" 200 -
2025-01-21 14:52:15,536 - INFO - file_cache is only supported with oauth2client<4.0.0
2025-01-21 14:52:15,548 - INFO - file_cache is only supported with oauth2client<4.0.0
2025-01-21 14:52:15,552 - INFO - file_cache is only supported with oauth2client<4.0.0
2025-01-21 14:52:15,563 - INFO - file_cache is only supported with oauth2client<4.0.0
2025-01-21 14:52:15,568 - INFO - YouTube creators initialized successfully.
2025-01-21 14:52:15,713 - INFO - Database connection closed.
2025-01-21 14:52:15,714 - INFO - 127.0.0.1 - - [21/Jan/2025 14:52:15] "GET /static/css/styles.css HTTP/1.1" 200 -
2025-01-21 14:52:16,158 - INFO - file_cache is only supported with oauth2client<4.0.0
2025-01-21 14:52:16,166 - INFO - file_cache is only supported with oauth2client<4.0.0
2025-01-21 14:52:16,174 - INFO - file_cache is only supported with oauth2client<4.0.0
2025-01-21 14:52:16,191 - INFO - file_cache is only supported with oauth2client<4.0.0
2025-01-21 14:52:16,191 - INFO - YouTube creators initialized successfully.
2025-01-21 14:52:16,248 - INFO - Database connection closed.
2025-01-21 14:52:16,248 - INFO - 127.0.0.1 - - [21/Jan/2025 14:52:16] "GET /static/js/main.js HTTP/1.1" 200 -
2025-01-21 14:52:19,407 - INFO - file_cache is only supported with oauth2client<4.0.0
2025-01-21 14:52:19,423 - INFO - file_cache is only supported with oauth2client<4.0.0
2025-01-21 14:52:19,440 - INFO - file_cache is only supported with oauth2client<4.0.0
2025-01-21 14:52:19,440 - INFO - file_cache is only supported with oauth2client<4.0.0
2025-01-21 14:52:19,440 - INFO - file_cache is only supported with oauth2client<4.0.0
2025-01-21 14:52:19,463 - INFO - file_cache is only supported with oauth2client<4.0.0
2025-01-21 14:52:19,463 - INFO - file_cache is only supported with oauth2client<4.0.0
2025-01-21 14:52:19,463 - INFO - file_cache is only supported with oauth2client<4.0.0
2025-01-21 14:52:19,463 - INFO - file_cache is only supported with oauth2client<4.0.0
2025-01-21 14:52:19,463 - INFO - file_cache is only supported with oauth2client<4.0.0
2025-01-21 14:52:19,494 - INFO - YouTube creators initialized successfully.
2025-01-21 14:52:19,497 - INFO - file_cache is only supported with oauth2client<4.0.0
2025-01-21 14:52:19,497 - INFO - file_cache is only supported with oauth2client<4.0.0
2025-01-21 14:52:19,497 - INFO - file_cache is only supported with oauth2client<4.0.0
2025-01-21 14:52:19,498 - INFO - file_cache is only supported with oauth2client<4.0.0
2025-01-21 14:52:19,548 - INFO - Database connection closed.
2025-01-21 14:52:19,558 - INFO - 127.0.0.1 - - [21/Jan/2025 14:52:19] "GET /static/js/menu.js HTTP/1.1" 200 -
2025-01-21 14:52:19,563 - INFO - file_cache is only supported with oauth2client<4.0.0
2025-01-21 14:52:19,566 - INFO - file_cache is only supported with oauth2client<4.0.0
2025-01-21 14:52:19,566 - INFO - file_cache is only supported with oauth2client<4.0.0
2025-01-21 14:52:19,566 - INFO - file_cache is only supported with oauth2client<4.0.0
2025-01-21 14:52:19,574 - INFO - YouTube creators initialized successfully.
2025-01-21 14:52:19,590 - INFO - YouTube creators initialized successfully.
2025-01-21 14:52:19,590 - INFO - file_cache is only supported with oauth2client<4.0.0
2025-01-21 14:52:19,590 - INFO - file_cache is only supported with oauth2client<4.0.0
2025-01-21 14:52:19,606 - INFO - Database connection closed.
2025-01-21 14:52:19,608 - INFO - YouTube creators initialized successfully.
2025-01-21 14:52:19,608 - INFO - YouTube creators initialized successfully.
2025-01-21 14:52:19,608 - INFO - 127.0.0.1 - - [21/Jan/2025 14:52:19] "GET /static/js/play.js HTTP/1.1" 200 -
2025-01-21 14:52:19,615 - INFO - Database connection closed.
2025-01-21 14:52:19,615 - INFO - 127.0.0.1 - - [21/Jan/2025 14:52:19] "GET /static/js/sorting.js HTTP/1.1" 200 -
2025-01-21 14:52:19,639 - INFO - Database connection closed.
2025-01-21 14:52:19,639 - INFO - 127.0.0.1 - - [21/Jan/2025 14:52:19] "GET /static/js/comments.js HTTP/1.1" 200 -
2025-01-21 14:52:19,647 - INFO - Database connection closed.
2025-01-21 14:52:19,647 - INFO - 127.0.0.1 - - [21/Jan/2025 14:52:19] "GET /static/js/loading.js HTTP/1.1" 200 -
2025-01-21 14:52:23,416 - INFO - file_cache is only supported with oauth2client<4.0.0
2025-01-21 14:52:23,433 - INFO - file_cache is only supported with oauth2client<4.0.0
2025-01-21 14:52:23,451 - INFO - file_cache is only supported with oauth2client<4.0.0
2025-01-21 14:52:23,480 - INFO - file_cache is only supported with oauth2client<4.0.0
2025-01-21 14:52:23,494 - INFO - YouTube creators initialized successfully.
2025-01-21 14:52:27,214 - INFO - Connected (version 2.0, client OpenSSH_8.9p1)
2025-01-21 14:52:28,747 - INFO - Auth banner: b'<<<<<<:>~ PythonAnywhere SSH. Help @ https://help.pythonanywhere.com/pages/SSHAccess\n'
2025-01-21 14:52:28,747 - INFO - Authentication (password) successful!
2025-01-21 14:52:39,223 - INFO - Database connection closed.
2025-01-21 14:52:39,223 - INFO - 127.0.0.1 - - [21/Jan/2025 14:52:39] "GET /¿ìÁ¤À× HTTP/1.1" 200 -
2025-01-21 14:52:46,168 - INFO - file_cache is only supported with oauth2client<4.0.0
2025-01-21 14:52:46,183 - INFO - file_cache is only supported with oauth2client<4.0.0
2025-01-21 14:52:46,193 - INFO - file_cache is only supported with oauth2client<4.0.0
2025-01-21 14:52:46,200 - INFO - file_cache is only supported with oauth2client<4.0.0
2025-01-21 14:52:46,210 - INFO - YouTube creators initialized successfully.
2025-01-21 14:52:46,210 - INFO - Database connection closed.
2025-01-21 14:52:46,210 - INFO - 127.0.0.1 - - [21/Jan/2025 14:52:46] "[36mGET /static/css/styles.css HTTP/1.1[0m" 304 -
2025-01-21 14:52:48,818 - INFO - file_cache is only supported with oauth2client<4.0.0
2025-01-21 14:52:48,826 - INFO - file_cache is only supported with oauth2client<4.0.0
2025-01-21 14:52:48,840 - INFO - file_cache is only supported with oauth2client<4.0.0
2025-01-21 14:52:48,850 - INFO - file_cache is only supported with oauth2client<4.0.0
2025-01-21 14:52:48,860 - INFO - YouTube creators initialized successfully.
2025-01-21 14:52:48,867 - INFO - Database connection closed.
2025-01-21 14:52:48,867 - INFO - 127.0.0.1 - - [21/Jan/2025 14:52:48] "[36mGET /static/js/main.js HTTP/1.1[0m" 304 -
2025-01-21 14:52:49,037 - INFO - file_cache is only supported with oauth2client<4.0.0
2025-01-21 14:52:49,037 - INFO - file_cache is only supported with oauth2client<4.0.0
2025-01-21 14:52:49,037 - INFO - file_cache is only supported with oauth2client<4.0.0
2025-01-21 14:52:49,053 - INFO - file_cache is only supported with oauth2client<4.0.0
2025-01-21 14:52:49,053 - INFO - file_cache is only supported with oauth2client<4.0.0
2025-01-21 14:52:49,053 - INFO - file_cache is only supported with oauth2client<4.0.0
2025-01-21 14:52:49,085 - INFO - file_cache is only supported with oauth2client<4.0.0
2025-01-21 14:52:49,085 - INFO - file_cache is only supported with oauth2client<4.0.0
2025-01-21 14:52:49,085 - INFO - file_cache is only supported with oauth2client<4.0.0
2025-01-21 14:52:49,111 - INFO - file_cache is only supported with oauth2client<4.0.0
2025-01-21 14:52:49,111 - INFO - file_cache is only supported with oauth2client<4.0.0
2025-01-21 14:52:49,111 - INFO - file_cache is only supported with oauth2client<4.0.0
2025-01-21 14:52:49,119 - INFO - YouTube creators initialized successfully.
2025-01-21 14:52:49,127 - INFO - YouTube creators initialized successfully.
2025-01-21 14:52:49,135 - INFO - Database connection closed.
2025-01-21 14:52:49,135 - INFO - YouTube creators initialized successfully.
2025-01-21 14:52:49,135 - INFO - 127.0.0.1 - - [21/Jan/2025 14:52:49] "[36mGET /static/js/menu.js HTTP/1.1[0m" 304 -
2025-01-21 14:52:49,135 - INFO - Database connection closed.
2025-01-21 14:52:49,135 - INFO - 127.0.0.1 - - [21/Jan/2025 14:52:49] "[36mGET /static/js/play.js HTTP/1.1[0m" 304 -
2025-01-21 14:52:49,135 - INFO - Database connection closed.
2025-01-21 14:52:49,135 - INFO - 127.0.0.1 - - [21/Jan/2025 14:52:49] "[36mGET /static/js/sorting.js HTTP/1.1[0m" 304 -
2025-01-21 14:52:49,143 - INFO - file_cache is only supported with oauth2client<4.0.0
2025-01-21 14:52:49,143 - INFO - file_cache is only supported with oauth2client<4.0.0
2025-01-21 14:52:49,249 - INFO - file_cache is only supported with oauth2client<4.0.0
2025-01-21 14:52:49,249 - INFO - file_cache is only supported with oauth2client<4.0.0
2025-01-21 14:52:49,257 - INFO - file_cache is only supported with oauth2client<4.0.0
2025-01-21 14:52:49,257 - INFO - file_cache is only supported with oauth2client<4.0.0
2025-01-21 14:52:49,273 - INFO - file_cache is only supported with oauth2client<4.0.0
2025-01-21 14:52:49,282 - INFO - YouTube creators initialized successfully.
2025-01-21 14:52:49,282 - INFO - Database connection closed.
2025-01-21 14:52:49,282 - INFO - 127.0.0.1 - - [21/Jan/2025 14:52:49] "[36mGET /static/js/loading.js HTTP/1.1[0m" 304 -
2025-01-21 14:52:49,288 - INFO - file_cache is only supported with oauth2client<4.0.0
2025-01-21 14:52:49,289 - INFO - YouTube creators initialized successfully.
2025-01-21 14:52:49,295 - INFO - Database connection closed.
2025-01-21 14:52:49,296 - INFO - 127.0.0.1 - - [21/Jan/2025 14:52:49] "[36mGET /static/js/comments.js HTTP/1.1[0m" 304 -
2025-01-21 14:58:45,793 - INFO - Connected (version 2.0, client OpenSSH_8.9p1)
2025-01-21 14:58:47,124 - INFO - Auth banner: b'<<<<<<:>~ PythonAnywhere SSH. Help @ https://help.pythonanywhere.com/pages/SSHAccess\n'
2025-01-21 14:58:47,124 - INFO - Authentication (password) successful!
2025-01-21 14:58:50,711 - INFO - Database connection initialized.
2025-01-21 14:58:50,736 - INFO - [31m[1mWARNING: This is a development server. Do not use it in a production deployment. Use a production WSGI server instead.[0m
 * Running on http://127.0.0.1:5000
2025-01-21 14:58:50,736 - INFO - [33mPress CTRL+C to quit[0m
2025-01-21 14:58:52,866 - INFO - file_cache is only supported with oauth2client<4.0.0
2025-01-21 14:58:52,882 - INFO - file_cache is only supported with oauth2client<4.0.0
2025-01-21 14:58:52,892 - INFO - file_cache is only supported with oauth2client<4.0.0
2025-01-21 14:58:52,900 - INFO - file_cache is only supported with oauth2client<4.0.0
2025-01-21 14:58:52,908 - INFO - YouTube creators initialized successfully.
2025-01-21 14:58:53,457 - INFO - Database connection closed.
2025-01-21 14:58:53,458 - INFO - 127.0.0.1 - - [21/Jan/2025 14:58:53] "GET / HTTP/1.1" 200 -
2025-01-21 14:58:54,682 - INFO - file_cache is only supported with oauth2client<4.0.0
2025-01-21 14:58:54,692 - INFO - file_cache is only supported with oauth2client<4.0.0
2025-01-21 14:58:54,701 - INFO - file_cache is only supported with oauth2client<4.0.0
2025-01-21 14:58:54,714 - INFO - file_cache is only supported with oauth2client<4.0.0
2025-01-21 14:58:54,714 - INFO - YouTube creators initialized successfully.
2025-01-21 14:58:58,294 - INFO - Connected (version 2.0, client OpenSSH_8.9p1)
2025-01-21 14:58:59,827 - INFO - Auth banner: b'<<<<<<:>~ PythonAnywhere SSH. Help @ https://help.pythonanywhere.com/pages/SSHAccess\n'
2025-01-21 14:58:59,827 - INFO - Authentication (password) successful!
2025-01-21 14:59:05,583 - ERROR - Error rendering channel ¿ìÁ¤À×: string indices must be integers
2025-01-21 14:59:05,694 - INFO - Database connection closed.
2025-01-21 14:59:05,694 - INFO - 127.0.0.1 - - [21/Jan/2025 14:59:05] "[35m[1mGET /¿ìÁ¤À× HTTP/1.1[0m" 500 -
2025-01-21 15:01:18,349 - INFO - file_cache is only supported with oauth2client<4.0.0
2025-01-21 15:01:18,363 - INFO - file_cache is only supported with oauth2client<4.0.0
2025-01-21 15:01:18,371 - INFO - file_cache is only supported with oauth2client<4.0.0
2025-01-21 15:01:18,379 - INFO - file_cache is only supported with oauth2client<4.0.0
2025-01-21 15:01:18,389 - INFO - YouTube creators initialized successfully.
2025-01-21 15:01:21,643 - INFO - Connected (version 2.0, client OpenSSH_8.9p1)
2025-01-21 15:01:23,176 - INFO - Auth banner: b'<<<<<<:>~ PythonAnywhere SSH. Help @ https://help.pythonanywhere.com/pages/SSHAccess\n'
2025-01-21 15:01:23,176 - INFO - Authentication (password) successful!
2025-01-21 15:01:28,842 - ERROR - Error rendering channel ¿ìÁ¤À×: string indices must be integers
2025-01-21 15:01:28,857 - INFO - Database connection closed.
2025-01-21 15:01:28,857 - INFO - 127.0.0.1 - - [21/Jan/2025 15:01:28] "[35m[1mGET /¿ìÁ¤À× HTTP/1.1[0m" 500 -
2025-01-21 15:01:33,553 - INFO - file_cache is only supported with oauth2client<4.0.0
2025-01-21 15:01:33,572 - INFO - file_cache is only supported with oauth2client<4.0.0
2025-01-21 15:01:33,572 - INFO - file_cache is only supported with oauth2client<4.0.0
2025-01-21 15:01:33,588 - INFO - file_cache is only supported with oauth2client<4.0.0
2025-01-21 15:01:33,588 - INFO - YouTube creators initialized successfully.
2025-01-21 15:01:36,895 - INFO - Connected (version 2.0, client OpenSSH_8.9p1)
2025-01-21 15:01:38,341 - INFO - Auth banner: b'<<<<<<:>~ PythonAnywhere SSH. Help @ https://help.pythonanywhere.com/pages/SSHAccess\n'
2025-01-21 15:01:38,341 - INFO - Authentication (password) successful!
2025-01-21 15:01:43,380 - ERROR - Error rendering channel ¿ìÁ¤À×: string indices must be integers
2025-01-21 15:01:43,430 - INFO - Database connection closed.
2025-01-21 15:01:43,430 - INFO - 127.0.0.1 - - [21/Jan/2025 15:01:43] "[35m[1mGET /¿ìÁ¤À× HTTP/1.1[0m" 500 -
2025-01-21 15:01:47,752 - INFO - Connected (version 2.0, client OpenSSH_8.9p1)
2025-01-21 15:01:49,296 - INFO - Auth banner: b'<<<<<<:>~ PythonAnywhere SSH. Help @ https://help.pythonanywhere.com/pages/SSHAccess\n'
2025-01-21 15:01:49,296 - INFO - Authentication (password) successful!
2025-01-21 15:01:53,065 - INFO - Database connection initialized.
2025-01-21 15:01:53,080 - INFO - [31m[1mWARNING: This is a development server. Do not use it in a production deployment. Use a production WSGI server instead.[0m
 * Running on http://127.0.0.1:5000
2025-01-21 15:01:53,080 - INFO - [33mPress CTRL+C to quit[0m
2025-01-21 15:01:53,303 - INFO - file_cache is only supported with oauth2client<4.0.0
2025-01-21 15:01:53,319 - INFO - file_cache is only supported with oauth2client<4.0.0
2025-01-21 15:01:53,326 - INFO - file_cache is only supported with oauth2client<4.0.0
2025-01-21 15:01:53,336 - INFO - file_cache is only supported with oauth2client<4.0.0
2025-01-21 15:01:53,349 - INFO - YouTube creators initialized successfully.
2025-01-21 15:01:54,010 - INFO - Database connection closed.
2025-01-21 15:01:54,010 - INFO - 127.0.0.1 - - [21/Jan/2025 15:01:54] "GET / HTTP/1.1" 200 -
2025-01-21 15:01:55,886 - INFO - file_cache is only supported with oauth2client<4.0.0
2025-01-21 15:01:55,905 - INFO - file_cache is only supported with oauth2client<4.0.0
2025-01-21 15:01:55,927 - INFO - file_cache is only supported with oauth2client<4.0.0
2025-01-21 15:01:55,953 - INFO - file_cache is only supported with oauth2client<4.0.0
2025-01-21 15:01:55,969 - INFO - YouTube creators initialized successfully.
2025-01-21 15:01:59,838 - INFO - Connected (version 2.0, client OpenSSH_8.9p1)
2025-01-21 15:02:01,384 - INFO - Auth banner: b'<<<<<<:>~ PythonAnywhere SSH. Help @ https://help.pythonanywhere.com/pages/SSHAccess\n'
2025-01-21 15:02:01,384 - INFO - Authentication (password) successful!
2025-01-21 15:02:19,979 - INFO - Database connection closed.
2025-01-21 15:02:19,979 - INFO - 127.0.0.1 - - [21/Jan/2025 15:02:19] "GET /¿ìÁ¤À× HTTP/1.1" 200 -
2025-01-21 15:02:20,031 - INFO - file_cache is only supported with oauth2client<4.0.0
2025-01-21 15:02:20,045 - INFO - file_cache is only supported with oauth2client<4.0.0
2025-01-21 15:02:20,058 - INFO - file_cache is only supported with oauth2client<4.0.0
2025-01-21 15:02:20,070 - INFO - file_cache is only supported with oauth2client<4.0.0
2025-01-21 15:02:20,077 - INFO - YouTube creators initialized successfully.
2025-01-21 15:02:20,192 - INFO - Database connection closed.
2025-01-21 15:02:20,192 - INFO - 127.0.0.1 - - [21/Jan/2025 15:02:20] "[36mGET /static/css/styles.css HTTP/1.1[0m" 304 -
2025-01-21 15:02:23,480 - INFO - file_cache is only supported with oauth2client<4.0.0
2025-01-21 15:02:23,489 - INFO - file_cache is only supported with oauth2client<4.0.0
2025-01-21 15:02:23,503 - INFO - file_cache is only supported with oauth2client<4.0.0
2025-01-21 15:02:23,511 - INFO - file_cache is only supported with oauth2client<4.0.0
2025-01-21 15:02:23,520 - INFO - YouTube creators initialized successfully.
2025-01-21 15:02:23,520 - INFO - Database connection closed.
2025-01-21 15:02:23,520 - INFO - 127.0.0.1 - - [21/Jan/2025 15:02:23] "[36mGET /static/js/main.js HTTP/1.1[0m" 304 -
2025-01-21 15:02:23,538 - INFO - file_cache is only supported with oauth2client<4.0.0
2025-01-21 15:02:23,545 - INFO - file_cache is only supported with oauth2client<4.0.0
2025-01-21 15:02:23,545 - INFO - file_cache is only supported with oauth2client<4.0.0
2025-01-21 15:02:23,545 - INFO - file_cache is only supported with oauth2client<4.0.0
2025-01-21 15:02:23,545 - INFO - file_cache is only supported with oauth2client<4.0.0
2025-01-21 15:02:23,545 - INFO - file_cache is only supported with oauth2client<4.0.0
2025-01-21 15:02:23,570 - INFO - file_cache is only supported with oauth2client<4.0.0
2025-01-21 15:02:23,570 - INFO - file_cache is only supported with oauth2client<4.0.0
2025-01-21 15:02:23,570 - INFO - file_cache is only supported with oauth2client<4.0.0
2025-01-21 15:02:23,587 - INFO - file_cache is only supported with oauth2client<4.0.0
2025-01-21 15:02:23,587 - INFO - file_cache is only supported with oauth2client<4.0.0
2025-01-21 15:02:23,604 - INFO - file_cache is only supported with oauth2client<4.0.0
2025-01-21 15:02:23,604 - INFO - file_cache is only supported with oauth2client<4.0.0
2025-01-21 15:02:23,653 - INFO - file_cache is only supported with oauth2client<4.0.0
2025-01-21 15:02:23,653 - INFO - file_cache is only supported with oauth2client<4.0.0
2025-01-21 15:02:23,662 - INFO - YouTube creators initialized successfully.
2025-01-21 15:02:23,670 - INFO - Database connection closed.
2025-01-21 15:02:23,670 - INFO - 127.0.0.1 - - [21/Jan/2025 15:02:23] "[36mGET /static/js/loading.js HTTP/1.1[0m" 304 -
2025-01-21 15:02:23,670 - INFO - file_cache is only supported with oauth2client<4.0.0
2025-01-21 15:02:23,670 - INFO - file_cache is only supported with oauth2client<4.0.0
2025-01-21 15:02:23,670 - INFO - file_cache is only supported with oauth2client<4.0.0
2025-01-21 15:02:23,670 - INFO - file_cache is only supported with oauth2client<4.0.0
2025-01-21 15:02:23,695 - INFO - YouTube creators initialized successfully.
2025-01-21 15:02:23,695 - INFO - YouTube creators initialized successfully.
2025-01-21 15:02:23,695 - INFO - Database connection closed.
2025-01-21 15:02:23,695 - INFO - 127.0.0.1 - - [21/Jan/2025 15:02:23] "[36mGET /static/js/play.js HTTP/1.1[0m" 304 -
2025-01-21 15:02:23,695 - INFO - YouTube creators initialized successfully.
2025-01-21 15:02:23,702 - INFO - Database connection closed.
2025-01-21 15:02:23,702 - INFO - 127.0.0.1 - - [21/Jan/2025 15:02:23] "[36mGET /static/js/menu.js HTTP/1.1[0m" 304 -
2025-01-21 15:02:23,703 - INFO - Database connection closed.
2025-01-21 15:02:23,703 - INFO - 127.0.0.1 - - [21/Jan/2025 15:02:23] "[36mGET /static/js/sorting.js HTTP/1.1[0m" 304 -
2025-01-21 15:02:23,703 - INFO - file_cache is only supported with oauth2client<4.0.0
2025-01-21 15:02:23,712 - INFO - YouTube creators initialized successfully.
2025-01-21 15:02:23,712 - INFO - Database connection closed.
2025-01-21 15:02:23,712 - INFO - 127.0.0.1 - - [21/Jan/2025 15:02:23] "[36mGET /static/js/comments.js HTTP/1.1[0m" 304 -
2025-01-21 15:04:54,373 - INFO - file_cache is only supported with oauth2client<4.0.0
2025-01-21 15:04:54,399 - INFO - file_cache is only supported with oauth2client<4.0.0
2025-01-21 15:04:54,428 - INFO - file_cache is only supported with oauth2client<4.0.0
2025-01-21 15:04:54,449 - INFO - file_cache is only supported with oauth2client<4.0.0
2025-01-21 15:04:54,465 - INFO - YouTube creators initialized successfully.
2025-01-21 15:04:58,529 - INFO - Connected (version 2.0, client OpenSSH_8.9p1)
2025-01-21 15:04:59,586 - INFO - Auth banner: b'<<<<<<:>~ PythonAnywhere SSH. Help @ https://help.pythonanywhere.com/pages/SSHAccess\n'
2025-01-21 15:04:59,586 - INFO - Authentication (password) successful!
2025-01-21 15:05:15,872 - INFO - Database connection closed.
2025-01-21 15:05:15,872 - INFO - 127.0.0.1 - - [21/Jan/2025 15:05:15] "GET /¿ìÁ¤À× HTTP/1.1" 200 -
2025-01-21 15:05:28,380 - INFO - file_cache is only supported with oauth2client<4.0.0
2025-01-21 15:05:28,403 - INFO - file_cache is only supported with oauth2client<4.0.0
2025-01-21 15:05:28,412 - INFO - file_cache is only supported with oauth2client<4.0.0
2025-01-21 15:05:28,422 - INFO - file_cache is only supported with oauth2client<4.0.0
2025-01-21 15:05:28,427 - INFO - YouTube creators initialized successfully.
2025-01-21 15:05:28,431 - INFO - Database connection closed.
2025-01-21 15:05:28,431 - INFO - 127.0.0.1 - - [21/Jan/2025 15:05:28] "[36mGET /static/css/styles.css HTTP/1.1[0m" 304 -
2025-01-21 15:05:28,610 - INFO - file_cache is only supported with oauth2client<4.0.0
2025-01-21 15:05:28,630 - INFO - file_cache is only supported with oauth2client<4.0.0
2025-01-21 15:05:28,642 - INFO - file_cache is only supported with oauth2client<4.0.0
2025-01-21 15:05:28,652 - INFO - file_cache is only supported with oauth2client<4.0.0
2025-01-21 15:05:28,652 - INFO - YouTube creators initialized successfully.
2025-01-21 15:05:28,659 - INFO - Database connection closed.
2025-01-21 15:05:28,659 - INFO - 127.0.0.1 - - [21/Jan/2025 15:05:28] "[36mGET /static/js/main.js HTTP/1.1[0m" 304 -
2025-01-21 15:05:28,850 - INFO - file_cache is only supported with oauth2client<4.0.0
2025-01-21 15:05:28,850 - INFO - file_cache is only supported with oauth2client<4.0.0
2025-01-21 15:05:28,867 - INFO - file_cache is only supported with oauth2client<4.0.0
2025-01-21 15:05:28,867 - INFO - file_cache is only supported with oauth2client<4.0.0
2025-01-21 15:05:28,883 - INFO - file_cache is only supported with oauth2client<4.0.0
2025-01-21 15:05:28,892 - INFO - file_cache is only supported with oauth2client<4.0.0
2025-01-21 15:05:28,892 - INFO - file_cache is only supported with oauth2client<4.0.0
2025-01-21 15:05:28,908 - INFO - YouTube creators initialized successfully.
2025-01-21 15:05:28,911 - INFO - Database connection closed.
2025-01-21 15:05:28,911 - INFO - 127.0.0.1 - - [21/Jan/2025 15:05:28] "[36mGET /static/js/menu.js HTTP/1.1[0m" 304 -
2025-01-21 15:05:28,918 - INFO - file_cache is only supported with oauth2client<4.0.0
2025-01-21 15:05:28,918 - INFO - file_cache is only supported with oauth2client<4.0.0
2025-01-21 15:05:28,930 - INFO - YouTube creators initialized successfully.
2025-01-21 15:05:28,930 - INFO - Database connection closed.
2025-01-21 15:05:28,930 - INFO - 127.0.0.1 - - [21/Jan/2025 15:05:28] "[36mGET /static/js/sorting.js HTTP/1.1[0m" 304 -
2025-01-21 15:05:28,934 - INFO - file_cache is only supported with oauth2client<4.0.0
2025-01-21 15:05:28,936 - INFO - file_cache is only supported with oauth2client<4.0.0
2025-01-21 15:05:28,951 - INFO - file_cache is only supported with oauth2client<4.0.0
2025-01-21 15:05:28,951 - INFO - file_cache is only supported with oauth2client<4.0.0
2025-01-21 15:05:28,951 - INFO - file_cache is only supported with oauth2client<4.0.0
2025-01-21 15:05:29,040 - INFO - file_cache is only supported with oauth2client<4.0.0
2025-01-21 15:05:29,040 - INFO - file_cache is only supported with oauth2client<4.0.0
2025-01-21 15:05:29,040 - INFO - file_cache is only supported with oauth2client<4.0.0
2025-01-21 15:05:29,064 - INFO - YouTube creators initialized successfully.
2025-01-21 15:05:29,064 - INFO - Database connection closed.
2025-01-21 15:05:29,064 - INFO - 127.0.0.1 - - [21/Jan/2025 15:05:29] "[36mGET /static/js/play.js HTTP/1.1[0m" 304 -
2025-01-21 15:05:29,064 - INFO - file_cache is only supported with oauth2client<4.0.0
2025-01-21 15:05:29,064 - INFO - file_cache is only supported with oauth2client<4.0.0
2025-01-21 15:05:29,072 - INFO - YouTube creators initialized successfully.
2025-01-21 15:05:29,080 - INFO - Database connection closed.
2025-01-21 15:05:29,080 - INFO - 127.0.0.1 - - [21/Jan/2025 15:05:29] "[36mGET /static/js/comments.js HTTP/1.1[0m" 304 -
2025-01-21 15:05:29,080 - INFO - file_cache is only supported with oauth2client<4.0.0
2025-01-21 15:05:29,088 - INFO - YouTube creators initialized successfully.
2025-01-21 15:05:29,088 - INFO - Database connection closed.
2025-01-21 15:05:29,088 - INFO - 127.0.0.1 - - [21/Jan/2025 15:05:29] "[36mGET /static/js/loading.js HTTP/1.1[0m" 304 -
